1584279844938	mozrunner::runner	INFO	Running command: "C:\\Program Files (x86)\\Mozilla Firefox\\firefox.exe" "-marionette" "-foreground" "-no-remote" "-profile" "C:\\Users\\PUSHPA~1\\AppData\\Local\\Temp\\rust_mozprofileFEKENv"
1584279846156	addons.webextension.doh-rollout@mozilla.org	WARN	Loading extension 'doh-rollout@mozilla.org': Reading manifest: Invalid extension permission: networkStatus
1584279846869	addons.webextension.screenshots@mozilla.org	WARN	Loading extension 'screenshots@mozilla.org': Reading manifest: Invalid extension permission: mozillaAddons
1584279846869	addons.webextension.screenshots@mozilla.org	WARN	Loading extension 'screenshots@mozilla.org': Reading manifest: Invalid extension permission: telemetry
1584279846870	addons.webextension.screenshots@mozilla.org	WARN	Loading extension 'screenshots@mozilla.org': Reading manifest: Invalid extension permission: resource://pdf.js/
1584279846870	addons.webextension.screenshots@mozilla.org	WARN	Loading extension 'screenshots@mozilla.org': Reading manifest: Invalid extension permission: about:reader*
JavaScript error: resource://gre/modules/XULStore.jsm, line 66: Error: Can't find profile directory.
1584279849677	Marionette	INFO	Listening on port 1363
1584279849934	Marionette	WARN	TLS certificate errors will be ignored for this session
1584279861672	Marionette	WARN	TimedPromise timed out after 500 ms: stacktrace:
TimedPromise/<@chrome://marionette/content/sync.js:244:13
TimedPromise@chrome://marionette/content/sync.js:229:10
interaction.flushEventLoop@chrome://marionette/content/interaction.js:416:10
webdriverClickElement@chrome://marionette/content/interaction.js:182:31
send@https://opensource-demo.orangehrmlive.com/webres_5df488ddad8b23.30204013/js/jquery/jquery-1.7.2.min.js:4:17879
ajax@https://opensource-demo.orangehrmlive.com/webres_5df488ddad8b23.30204013/js/jquery/jquery-1.7.2.min.js:4:15044
domManip/<@https://opensource-demo.orangehrmlive.com/webres_5df488ddad8b23.30204013/js/jquery/jquery-1.7.2.min.js:4:2470
each@https://opensource-demo.orangehrmlive.com/webres_5df488ddad8b23.30204013/js/jquery/jquery-1.7.2.min.js:2:11776
domManip@https://opensource-demo.orangehrmlive.com/webres_5df488ddad8b23.30204013/js/jquery/jquery-1.7.2.min.js:4:2441
append@https://opensource-demo.orangehrmlive.com/webres_5df488ddad8b23.30204013/js/jquery/jquery-1.7.2.min.js:3:32408
html/<@https://opensource-demo.orangehrmlive.com/webres_5df488ddad8b23.30204013/js/jquery/jquery-1.7.2.min.js:4:1283
access@https://opensource-demo.orangehrmlive.com/webres_5df488ddad8b23.30204013/js/jquery/jquery-1.7.2.min.js:2:13266
html@https://opensource-demo.orangehrmlive.com/webres_5df488ddad8b23.30204013/js/jquery/jquery-1.7.2.min.js:4:876
success@https://opensource-demo.orangehrmlive.com/index.php/dashboard:926:36
o@https://opensource-demo.orangehrmlive.com/webres_5df488ddad8b23.30204013/js/jquery/jquery-1.7.2.min.js:2:14733
fireWith@https://opensource-demo.orangehrmlive.com/webres_5df488ddad8b23.30204013/js/jquery/jquery-1.7.2.min.js:2:15502
w@https://opensource-demo.orangehrmlive.com/webres_5df488ddad8b23.30204013/js/jquery/jquery-1.7.2.min.js:4:12472
d@https://opensource-demo.orangehrmlive.com/webres_5df488ddad8b23.30204013/js/jquery/jquery-1.7.2.min.js:4:18318
1584279882341	Marionette	INFO	Stopped listening on port 1363

###!!! [Child][RunMessage] Error: Channel closing: too late to send/recv, messages will be lost


###!!! [Child][MessageChannel::SendAndWait] Error: Channel error: cannot send/recv

